<?xml version="1.0" encoding="UTF-8"?>
<testsuite xmlns:xsi="http://www.w3.org/2001/XMLSchema-instance" xsi:noNamespaceSchemaLocation="https://maven.apache.org/surefire/maven-surefire-plugin/xsd/surefire-test-report-3.0.xsd" version="3.0" name="db.HikariCPSpringTest" time="2.892" tests="1" errors="0" skipped="0" failures="0">
  <properties>
[...]
</properties>
  <testcase name="test" classname="db.HikariCPSpringTest" time="0.058">
    <system-out><![CDATA[05:53:05.001 [main] INFO  org.springframework.test.context.support.DefaultTestContextBootstrapper - Loaded default TestExecutionListener class names from location [META-INF/spring.factories]: [org.springframework.test.context.web.ServletTestExecutionListener, org.springframework.test.context.support.DirtiesContextBeforeModesTestExecutionListener, org.springframework.test.context.event.ApplicationEventsTestExecutionListener, org.springframework.test.context.support.DependencyInjectionTestExecutionListener, org.springframework.test.context.support.DirtiesContextTestExecutionListener, org.springframework.test.context.transaction.TransactionalTestExecutionListener, org.springframework.test.context.jdbc.SqlScriptsTestExecutionListener, org.springframework.test.context.event.EventPublishingTestExecutionListener]
05:53:05.025 [main] INFO  org.springframework.test.context.support.DefaultTestContextBootstrapper - Using TestExecutionListeners: [org.springframework.test.context.web.ServletTestExecutionListener@505a9d7c, org.springframework.test.context.support.DirtiesContextBeforeModesTestExecutionListener@758c83d8, org.springframework.test.context.event.ApplicationEventsTestExecutionListener@129b4fe2, org.springframework.test.context.support.DependencyInjectionTestExecutionListener@5af3a0f, org.springframework.test.context.support.DirtiesContextTestExecutionListener@19ae6bb, org.springframework.test.context.transaction.TransactionalTestExecutionListener@10993713, org.springframework.test.context.jdbc.SqlScriptsTestExecutionListener@58359ebd, org.springframework.test.context.event.EventPublishingTestExecutionListener@24b6b8f6]
05:53:06.629 [main] INFO  log4jdbc.log4j2 - 1. Connection opened. {executed in 534ms} 
05:53:06.630 [main] INFO  log4jdbc.log4j2 - 1. Connection.new Connection returned 
05:53:06.630 [main] INFO  log4jdbc.log4j2 - 1. Connection.getNetworkTimeout() returned 0
05:53:06.631 [main] INFO  log4jdbc.log4j2 - 1. Connection.isReadOnly() returned false
05:53:06.631 [main] INFO  log4jdbc.log4j2 - 1. Connection.getAutoCommit() returned true
05:53:06.633 [main] INFO  log4jdbc.log4j2 - 1. Connection.isValid(5) returned true
05:53:06.633 [main] INFO  log4jdbc.log4j2 - 1. Connection.getTransactionIsolation() returned 2
05:53:06.817 [HikariPool-1:connection-adder] INFO  log4jdbc.log4j2 - 2. Connection opened. {executed in 63ms} 
05:53:06.831 [HikariPool-1:connection-adder] INFO  log4jdbc.log4j2 - 2. Connection.new Connection returned 
05:53:06.831 [HikariPool-1:connection-adder] INFO  log4jdbc.log4j2 - 2. Connection.isReadOnly() returned false
05:53:06.831 [HikariPool-1:connection-adder] INFO  log4jdbc.log4j2 - 2. Connection.getAutoCommit() returned true
05:53:06.944 [HikariPool-1:connection-adder] INFO  log4jdbc.log4j2 - 3. Connection opened. {executed in 67ms} 
05:53:06.944 [HikariPool-1:connection-adder] INFO  log4jdbc.log4j2 - 3. Connection.new Connection returned 
05:53:06.944 [HikariPool-1:connection-adder] INFO  log4jdbc.log4j2 - 3. Connection.isReadOnly() returned false
05:53:06.944 [HikariPool-1:connection-adder] INFO  log4jdbc.log4j2 - 3. Connection.getAutoCommit() returned true
HikariProxyConnection@1672736386 wrapping net.sf.log4jdbc.sql.jdbcapi.ConnectionSpy@50756c76
]]></system-out>
    <system-err><![CDATA[SLF4J(W): No SLF4J providers were found.
SLF4J(W): Defaulting to no-operation (NOP) logger implementation
SLF4J(W): See https://www.slf4j.org/codes.html#noProviders for further details.
SLF4J(W): Class path contains SLF4J bindings targeting slf4j-api versions 1.7.x or earlier.
SLF4J(W): Ignoring binding found at [jar:file:/C:/Users/pjn/.m2/repository/org/apache/logging/log4j/log4j-slf4j-impl/2.20.0/log4j-slf4j-impl-2.20.0.jar!/org/slf4j/impl/StaticLoggerBinder.class]
SLF4J(W): See https://www.slf4j.org/codes.html#ignoredBindings for an explanation.
]]></system-err>
  </testcase>
</testsuite>